Using pre-set license
Built from '2020.2/staging' branch; Version is '2020.2.6f1 (8a2143876886) revision 9052483'; Using compiler version '192528614'; Build Type 'Release'
OS: 'Windows 10 Home; OS build 18363.1379; Version 1909; 64bit' Language: 'ru' Physical Memory: 16335 MB
BatchMode: 1, IsHumanControllingUs: 0, StartBugReporterOnCrash: 0, Is64bit: 1, IsPro: 0

 COMMAND LINE ARGUMENTS:
C:\Program Files\Unity\Hub\Editor\2020.2.6f1\Editor\Unity.exe
-adb2
-batchMode
-noUpm
-name
AssetImportWorker1
-projectPath
F:/Unity Projects/Polygon - Job System Voxels
-logFile
Logs/AssetImportWorker1.log
-srvPort
53904
Successfully changed project path to: F:/Unity Projects/Polygon - Job System Voxels
F:/Unity Projects/Polygon - Job System Voxels
Using Asset Import Pipeline V2.
Refreshing native plugins compatible for Editor in 56.86 ms, found 0 plugins.
Preloading 0 native plugins for Editor in 0.00 ms.
Initialize engine version: 2020.2.6f1 (8a2143876886)
[Subsystems] Discovering subsystems at path C:/Program Files/Unity/Hub/Editor/2020.2.6f1/Editor/Data/Resources/UnitySubsystems
[Subsystems] Discovering subsystems at path F:/Unity Projects/Polygon - Job System Voxels/Assets
GfxDevice: creating device client; threaded=0
Direct3D:
    Version:  Direct3D 11.0 [level 11.1]
    Renderer: NVIDIA GeForce GTX 1080 (ID=0x1b80)
    Vendor:   
    VRAM:     8079 MB
    Driver:   27.21.14.6172
Shader 'Universal Render Pipeline/Particles/Lit': fallback shader 'Universal Render Pipeline/Particles/SimpleLit' not found
Initialize mono
Mono path[0] = 'C:/Program Files/Unity/Hub/Editor/2020.2.6f1/Editor/Data/Managed'
Mono path[1] = 'C:/Program Files/Unity/Hub/Editor/2020.2.6f1/Editor/Data/MonoBleedingEdge/lib/mono/unityjit'
Mono config path = 'C:/Program Files/Unity/Hub/Editor/2020.2.6f1/Editor/Data/MonoBleedingEdge/etc'
Using monoOptions --debugger-agent=transport=dt_socket,embedding=1,server=y,suspend=n,address=127.0.0.1:56456
Begin MonoManager ReloadAssembly
Registering precompiled unity dll's ...
Register platform support module: C:/Program Files/Unity/Hub/Editor/2020.2.6f1/Editor/Data/PlaybackEngines/WindowsStandaloneSupport/UnityEditor.WindowsStandalone.Extensions.dll
Registered in 0.002394 seconds.
Native extension for WindowsStandalone target not found
Refreshing native plugins compatible for Editor in 59.65 ms, found 0 plugins.
Preloading 0 native plugins for Editor in 0.00 ms.
Invoked RoslynAnalysisRunner static constructor.
RoslynAnalysisRunner will not be running.
RoslynAnalysisRunner has terminated.
Mono: successfully reloaded assembly
- Completed reload, in  2.269 seconds
Platform modules already initialized, skipping
Registering precompiled user dll's ...
Registered in 0.002582 seconds.
Begin MonoManager ReloadAssembly
Native extension for WindowsStandalone target not found
Refreshing native plugins compatible for Editor in 108.56 ms, found 0 plugins.
Preloading 0 native plugins for Editor in 0.00 ms.
Invoked RoslynAnalysisRunner static constructor.
RoslynAnalysisRunner will not be running.
RoslynAnalysisRunner has terminated.
Mono: successfully reloaded assembly
- Completed reload, in  2.469 seconds
Platform modules already initialized, skipping
========================================================================
Worker process is ready to serve import requests
Shader 'Universal Render Pipeline/Particles/Lit': fallback shader 'Universal Render Pipeline/Particles/SimpleLit' not found
Launched and connected shader compiler UnityShaderCompiler.exe after 0.05 seconds
Refreshing native plugins compatible for Editor in 0.54 ms, found 0 plugins.
Preloading 0 native plugins for Editor in 0.00 ms.
Unloading 3214 Unused Serialized files (Serialized files now loaded: 0)
System memory in use before: 149.7 MB.
System memory in use after: 149.9 MB.

Unloading 17 unused Assets to reduce memory usage. Loaded Objects now: 3659.
Total: 3.236000 ms (FindLiveObjects: 0.333400 ms CreateObjectMapping: 0.089600 ms MarkObjects: 2.715000 ms  DeleteObjects: 0.096000 ms)

========================================================================
Received Import Request.
  path: Assets/Scenes/Scene.unity
  artifactKey: Guid(201b629f7a89f00419cf960b70d3d362) Importer(815301076,1909f56bfc062723c751e8b465ee728b)
Start importing Assets/Scenes/Scene.unity using Guid(201b629f7a89f00419cf960b70d3d362) Importer(815301076,1909f56bfc062723c751e8b465ee728b)  -> (artifact id: 'a6cd8daa89fa8cef5c24afe7ad61404e') in 0.036274 seconds
  Import took 0.062939 seconds .

========================================================================
Received Import Request.
  Time since last request: 0.000243 seconds.
  path: Assets/Scenes/Ship Editor.unity
  artifactKey: Guid(6dc020366339e7c48aca3ee3f6c5f92a) Importer(815301076,1909f56bfc062723c751e8b465ee728b)
Start importing Assets/Scenes/Ship Editor.unity using Guid(6dc020366339e7c48aca3ee3f6c5f92a) Importer(815301076,1909f56bfc062723c751e8b465ee728b)  -> (artifact id: '4b4f3cabfc79fa86abd1047aa0ea686e') in 0.002137 seconds
  Import took 0.021621 seconds .

========================================================================
Received Import Request.
  Time since last request: 0.000214 seconds.
  path: Assets/Scenes/Mesh Debug Scene.unity
  artifactKey: Guid(2a607c8459272d246858b2be983ac701) Importer(815301076,1909f56bfc062723c751e8b465ee728b)
Start importing Assets/Scenes/Mesh Debug Scene.unity using Guid(2a607c8459272d246858b2be983ac701) Importer(815301076,1909f56bfc062723c751e8b465ee728b)  -> (artifact id: '63695c53e68279fa62a4d70f146f6d21') in 0.013974 seconds
  Import took 0.032207 seconds .

========================================================================
Received Import Request.
  Time since last request: 535.636713 seconds.
  path: Assets/Scenes/Menu.unity
  artifactKey: Guid(cc197f1766971964e9c3805a1bfff066) Importer(815301076,1909f56bfc062723c751e8b465ee728b)
Start importing Assets/Scenes/Menu.unity using Guid(cc197f1766971964e9c3805a1bfff066) Importer(815301076,1909f56bfc062723c751e8b465ee728b)  -> (artifact id: '289d7bd6e2cb3bd3a89187609fc6472c') in 0.002173 seconds
  Import took 0.048157 seconds .

========================================================================
Received Prepare
Registering precompiled user dll's ...
Registered in 0.003120 seconds.
Begin MonoManager ReloadAssembly
Native extension for WindowsStandalone target not found
Refreshing native plugins compatible for Editor in 0.71 ms, found 0 plugins.
Preloading 0 native plugins for Editor in 0.00 ms.
Invoked RoslynAnalysisRunner static constructor.
RoslynAnalysisRunner will not be running.
RoslynAnalysisRunner has terminated.
Mono: successfully reloaded assembly
- Completed reload, in  1.397 seconds
Platform modules already initialized, skipping
Switching build target platform(5) subTarget(0) extendedPlatform(0) -> platform(13) subTarget(537460741) extendedPlatform(0)
Shader 'Universal Render Pipeline/Particles/Lit': fallback shader 'Universal Render Pipeline/Particles/SimpleLit' not found
Refreshing native plugins compatible for Editor in 1.19 ms, found 0 plugins.
Preloading 0 native plugins for Editor in 0.00 ms.
Unloading 3085 Unused Serialized files (Serialized files now loaded: 0)
System memory in use before: 139.0 MB.
System memory in use after: 139.3 MB.

Unloading 12 unused Assets to reduce memory usage. Loaded Objects now: 3664.
Total: 5.755700 ms (FindLiveObjects: 0.405500 ms CreateObjectMapping: 0.083400 ms MarkObjects: 5.231000 ms  DeleteObjects: 0.034300 ms)

AssetImportParameters requested are different than current active one (requested -> active):
  custom:graphics/normal-map-encoding: 01000000000000000000000000000000 -> 02000000000000000000000000000000
========================================================================
Received Prepare
Registering precompiled user dll's ...
Registered in 0.002505 seconds.
Begin MonoManager ReloadAssembly
Native extension for WindowsStandalone target not found
Refreshing native plugins compatible for Editor in 0.50 ms, found 0 plugins.
Preloading 0 native plugins for Editor in 0.00 ms.
Invoked RoslynAnalysisRunner static constructor.
RoslynAnalysisRunner will not be running.
RoslynAnalysisRunner has terminated.
Mono: successfully reloaded assembly
- Completed reload, in  1.166 seconds
Platform modules already initialized, skipping
Switching build target platform(5) subTarget(0) extendedPlatform(0) -> platform(13) subTarget(537460741) extendedPlatform(0)
Shader 'Universal Render Pipeline/Particles/Lit': fallback shader 'Universal Render Pipeline/Particles/SimpleLit' not found
Refreshing native plugins compatible for Editor in 0.51 ms, found 0 plugins.
Preloading 0 native plugins for Editor in 0.00 ms.
Unloading 3085 Unused Serialized files (Serialized files now loaded: 0)
System memory in use before: 139.1 MB.
System memory in use after: 139.3 MB.

Unloading 12 unused Assets to reduce memory usage. Loaded Objects now: 3669.
Total: 3.096400 ms (FindLiveObjects: 0.346200 ms CreateObjectMapping: 0.079900 ms MarkObjects: 2.642300 ms  DeleteObjects: 0.026500 ms)

AssetImportParameters requested are different than current active one (requested -> active):
  custom:graphics/normal-map-encoding: 01000000000000000000000000000000 -> 02000000000000000000000000000000
========================================================================
Received Prepare
Registering precompiled user dll's ...
Registered in 0.002544 seconds.
Begin MonoManager ReloadAssembly
Native extension for WindowsStandalone target not found
Refreshing native plugins compatible for Editor in 0.52 ms, found 0 plugins.
Preloading 0 native plugins for Editor in 0.00 ms.
Invoked RoslynAnalysisRunner static constructor.
RoslynAnalysisRunner will not be running.
RoslynAnalysisRunner has terminated.
Mono: successfully reloaded assembly
- Completed reload, in  1.169 seconds
Platform modules already initialized, skipping
Switching build target platform(5) subTarget(0) extendedPlatform(0) -> platform(13) subTarget(537460741) extendedPlatform(0)
Shader 'Universal Render Pipeline/Particles/Lit': fallback shader 'Universal Render Pipeline/Particles/SimpleLit' not found
Refreshing native plugins compatible for Editor in 0.58 ms, found 0 plugins.
Preloading 0 native plugins for Editor in 0.00 ms.
Unloading 3085 Unused Serialized files (Serialized files now loaded: 0)
System memory in use before: 139.1 MB.
System memory in use after: 139.4 MB.

Unloading 12 unused Assets to reduce memory usage. Loaded Objects now: 3674.
Total: 3.272500 ms (FindLiveObjects: 0.575700 ms CreateObjectMapping: 0.164700 ms MarkObjects: 2.507900 ms  DeleteObjects: 0.022800 ms)

AssetImportParameters requested are different than current active one (requested -> active):
  custom:graphics/normal-map-encoding: 01000000000000000000000000000000 -> 02000000000000000000000000000000
========================================================================
Received Prepare
Registering precompiled user dll's ...
Registered in 0.002878 seconds.
Begin MonoManager ReloadAssembly
Native extension for WindowsStandalone target not found
Refreshing native plugins compatible for Editor in 0.52 ms, found 0 plugins.
Preloading 0 native plugins for Editor in 0.00 ms.
Invoked RoslynAnalysisRunner static constructor.
RoslynAnalysisRunner will not be running.
RoslynAnalysisRunner has terminated.
Mono: successfully reloaded assembly
- Completed reload, in  1.304 seconds
Platform modules already initialized, skipping
Switching build target platform(5) subTarget(0) extendedPlatform(0) -> platform(13) subTarget(537460741) extendedPlatform(0)
Shader 'Universal Render Pipeline/Particles/Lit': fallback shader 'Universal Render Pipeline/Particles/SimpleLit' not found
Refreshing native plugins compatible for Editor in 0.54 ms, found 0 plugins.
Preloading 0 native plugins for Editor in 0.00 ms.
Unloading 3085 Unused Serialized files (Serialized files now loaded: 0)
System memory in use before: 139.1 MB.
System memory in use after: 139.4 MB.

Unloading 12 unused Assets to reduce memory usage. Loaded Objects now: 3679.
Total: 2.982800 ms (FindLiveObjects: 0.354200 ms CreateObjectMapping: 0.081200 ms MarkObjects: 2.523000 ms  DeleteObjects: 0.023200 ms)

AssetImportParameters requested are different than current active one (requested -> active):
  custom:graphics/normal-map-encoding: 01000000000000000000000000000000 -> 02000000000000000000000000000000
========================================================================
Received Prepare
Registering precompiled user dll's ...
Registered in 0.002778 seconds.
Begin MonoManager ReloadAssembly
Native extension for WindowsStandalone target not found
Refreshing native plugins compatible for Editor in 0.50 ms, found 0 plugins.
Preloading 0 native plugins for Editor in 0.00 ms.
Invoked RoslynAnalysisRunner static constructor.
RoslynAnalysisRunner will not be running.
RoslynAnalysisRunner has terminated.
Mono: successfully reloaded assembly
- Completed reload, in  1.166 seconds
Platform modules already initialized, skipping
Switching build target platform(5) subTarget(0) extendedPlatform(0) -> platform(13) subTarget(537460741) extendedPlatform(0)
Shader 'Universal Render Pipeline/Particles/Lit': fallback shader 'Universal Render Pipeline/Particles/SimpleLit' not found
Refreshing native plugins compatible for Editor in 0.64 ms, found 0 plugins.
Preloading 0 native plugins for Editor in 0.00 ms.
Unloading 3085 Unused Serialized files (Serialized files now loaded: 0)
System memory in use before: 139.2 MB.
System memory in use after: 139.4 MB.

Unloading 12 unused Assets to reduce memory usage. Loaded Objects now: 3684.
Total: 2.855100 ms (FindLiveObjects: 0.329400 ms CreateObjectMapping: 0.078600 ms MarkObjects: 2.423000 ms  DeleteObjects: 0.022600 ms)

AssetImportParameters requested are different than current active one (requested -> active):
  custom:graphics/normal-map-encoding: 01000000000000000000000000000000 -> 02000000000000000000000000000000
========================================================================
Received Prepare
Registering precompiled user dll's ...
Registered in 0.003008 seconds.
Begin MonoManager ReloadAssembly
Native extension for WindowsStandalone target not found
Refreshing native plugins compatible for Editor in 0.60 ms, found 0 plugins.
Preloading 0 native plugins for Editor in 0.00 ms.
Invoked RoslynAnalysisRunner static constructor.
RoslynAnalysisRunner will not be running.
RoslynAnalysisRunner has terminated.
Mono: successfully reloaded assembly
- Completed reload, in  1.188 seconds
Platform modules already initialized, skipping
Switching build target platform(5) subTarget(0) extendedPlatform(0) -> platform(13) subTarget(537460741) extendedPlatform(0)
Shader 'Universal Render Pipeline/Particles/Lit': fallback shader 'Universal Render Pipeline/Particles/SimpleLit' not found
Refreshing native plugins compatible for Editor in 0.53 ms, found 0 plugins.
Preloading 0 native plugins for Editor in 0.00 ms.
Unloading 3085 Unused Serialized files (Serialized files now loaded: 0)
System memory in use before: 139.2 MB.
System memory in use after: 139.4 MB.

Unloading 12 unused Assets to reduce memory usage. Loaded Objects now: 3689.
Total: 3.807700 ms (FindLiveObjects: 0.340500 ms CreateObjectMapping: 0.079500 ms MarkObjects: 3.359600 ms  DeleteObjects: 0.026600 ms)

AssetImportParameters requested are different than current active one (requested -> active):
  custom:graphics/normal-map-encoding: 01000000000000000000000000000000 -> 02000000000000000000000000000000
========================================================================
Received Prepare
Registering precompiled user dll's ...
Registered in 0.002539 seconds.
Begin MonoManager ReloadAssembly
Native extension for WindowsStandalone target not found
Refreshing native plugins compatible for Editor in 0.50 ms, found 0 plugins.
Preloading 0 native plugins for Editor in 0.00 ms.
Invoked RoslynAnalysisRunner static constructor.
RoslynAnalysisRunner will not be running.
RoslynAnalysisRunner has terminated.
Mono: successfully reloaded assembly
- Completed reload, in  1.237 seconds
Platform modules already initialized, skipping
Switching build target platform(5) subTarget(0) extendedPlatform(0) -> platform(13) subTarget(537460741) extendedPlatform(0)
Shader 'Universal Render Pipeline/Particles/Lit': fallback shader 'Universal Render Pipeline/Particles/SimpleLit' not found
Refreshing native plugins compatible for Editor in 0.50 ms, found 0 plugins.
Preloading 0 native plugins for Editor in 0.00 ms.
Unloading 3085 Unused Serialized files (Serialized files now loaded: 0)
System memory in use before: 139.2 MB.
System memory in use after: 139.4 MB.

Unloading 12 unused Assets to reduce memory usage. Loaded Objects now: 3694.
Total: 3.042800 ms (FindLiveObjects: 0.376700 ms CreateObjectMapping: 0.090900 ms MarkObjects: 2.515600 ms  DeleteObjects: 0.057900 ms)

AssetImportParameters requested are different than current active one (requested -> active):
  custom:graphics/normal-map-encoding: 01000000000000000000000000000000 -> 02000000000000000000000000000000
========================================================================
Received Prepare
Registering precompiled user dll's ...
Registered in 0.002426 seconds.
Begin MonoManager ReloadAssembly
Native extension for WindowsStandalone target not found
Refreshing native plugins compatible for Editor in 0.50 ms, found 0 plugins.
Preloading 0 native plugins for Editor in 0.00 ms.
Invoked RoslynAnalysisRunner static constructor.
RoslynAnalysisRunner will not be running.
RoslynAnalysisRunner has terminated.
Mono: successfully reloaded assembly
- Completed reload, in  1.177 seconds
Platform modules already initialized, skipping
Switching build target platform(5) subTarget(0) extendedPlatform(0) -> platform(13) subTarget(537460741) extendedPlatform(0)
Shader 'Universal Render Pipeline/Particles/Lit': fallback shader 'Universal Render Pipeline/Particles/SimpleLit' not found
Refreshing native plugins compatible for Editor in 0.50 ms, found 0 plugins.
Preloading 0 native plugins for Editor in 0.00 ms.
Unloading 3085 Unused Serialized files (Serialized files now loaded: 0)
System memory in use before: 139.2 MB.
System memory in use after: 139.4 MB.

Unloading 12 unused Assets to reduce memory usage. Loaded Objects now: 3699.
Total: 2.937100 ms (FindLiveObjects: 0.347400 ms CreateObjectMapping: 0.077900 ms MarkObjects: 2.486800 ms  DeleteObjects: 0.023500 ms)

AssetImportParameters requested are different than current active one (requested -> active):
  custom:graphics/normal-map-encoding: 01000000000000000000000000000000 -> 02000000000000000000000000000000
========================================================================
Received Prepare
Registering precompiled user dll's ...
Registered in 0.002499 seconds.
Begin MonoManager ReloadAssembly
Native extension for WindowsStandalone target not found
Refreshing native plugins compatible for Editor in 0.52 ms, found 0 plugins.
Preloading 0 native plugins for Editor in 0.00 ms.
Invoked RoslynAnalysisRunner static constructor.
RoslynAnalysisRunner will not be running.
RoslynAnalysisRunner has terminated.
Mono: successfully reloaded assembly
- Completed reload, in  1.250 seconds
Platform modules already initialized, skipping
Switching build target platform(5) subTarget(0) extendedPlatform(0) -> platform(13) subTarget(537460741) extendedPlatform(0)
Shader 'Universal Render Pipeline/Particles/Lit': fallback shader 'Universal Render Pipeline/Particles/SimpleLit' not found
Refreshing native plugins compatible for Editor in 0.51 ms, found 0 plugins.
Preloading 0 native plugins for Editor in 0.00 ms.
Unloading 3085 Unused Serialized files (Serialized files now loaded: 0)
System memory in use before: 139.2 MB.
System memory in use after: 139.4 MB.

Unloading 12 unused Assets to reduce memory usage. Loaded Objects now: 3704.
Total: 2.874000 ms (FindLiveObjects: 0.326200 ms CreateObjectMapping: 0.079400 ms MarkObjects: 2.446300 ms  DeleteObjects: 0.020700 ms)

AssetImportParameters requested are different than current active one (requested -> active):
  custom:graphics/normal-map-encoding: 01000000000000000000000000000000 -> 02000000000000000000000000000000
========================================================================
Received Prepare
Registering precompiled user dll's ...
Registered in 0.002949 seconds.
Begin MonoManager ReloadAssembly
Native extension for WindowsStandalone target not found
Refreshing native plugins compatible for Editor in 0.65 ms, found 0 plugins.
Preloading 0 native plugins for Editor in 0.00 ms.
Invoked RoslynAnalysisRunner static constructor.
RoslynAnalysisRunner will not be running.
RoslynAnalysisRunner has terminated.
Mono: successfully reloaded assembly
- Completed reload, in  1.349 seconds
Platform modules already initialized, skipping
Switching build target platform(5) subTarget(0) extendedPlatform(0) -> platform(13) subTarget(537460741) extendedPlatform(0)
Shader 'Universal Render Pipeline/Particles/Lit': fallback shader 'Universal Render Pipeline/Particles/SimpleLit' not found
Refreshing native plugins compatible for Editor in 0.52 ms, found 0 plugins.
Preloading 0 native plugins for Editor in 0.00 ms.
Unloading 3085 Unused Serialized files (Serialized files now loaded: 0)
System memory in use before: 139.2 MB.
System memory in use after: 139.4 MB.

Unloading 12 unused Assets to reduce memory usage. Loaded Objects now: 3709.
Total: 3.382200 ms (FindLiveObjects: 0.358700 ms CreateObjectMapping: 0.085100 ms MarkObjects: 2.916700 ms  DeleteObjects: 0.020300 ms)

AssetImportParameters requested are different than current active one (requested -> active):
  custom:graphics/normal-map-encoding: 01000000000000000000000000000000 -> 02000000000000000000000000000000
========================================================================
Received Prepare
Registering precompiled user dll's ...
Registered in 0.002404 seconds.
Begin MonoManager ReloadAssembly
Native extension for WindowsStandalone target not found
Refreshing native plugins compatible for Editor in 0.50 ms, found 0 plugins.
Preloading 0 native plugins for Editor in 0.00 ms.
Invoked RoslynAnalysisRunner static constructor.
RoslynAnalysisRunner will not be running.
RoslynAnalysisRunner has terminated.
Mono: successfully reloaded assembly
- Completed reload, in  1.402 seconds
Platform modules already initialized, skipping
Switching build target platform(5) subTarget(0) extendedPlatform(0) -> platform(13) subTarget(537460741) extendedPlatform(0)
Shader 'Universal Render Pipeline/Particles/Lit': fallback shader 'Universal Render Pipeline/Particles/SimpleLit' not found
Refreshing native plugins compatible for Editor in 0.50 ms, found 0 plugins.
Preloading 0 native plugins for Editor in 0.00 ms.
Unloading 3085 Unused Serialized files (Serialized files now loaded: 0)
System memory in use before: 139.2 MB.
System memory in use after: 139.4 MB.

Unloading 12 unused Assets to reduce memory usage. Loaded Objects now: 3714.
Total: 3.231500 ms (FindLiveObjects: 0.344000 ms CreateObjectMapping: 0.085500 ms MarkObjects: 2.776300 ms  DeleteObjects: 0.024200 ms)

AssetImportParameters requested are different than current active one (requested -> active):
  custom:graphics/normal-map-encoding: 01000000000000000000000000000000 -> 02000000000000000000000000000000
========================================================================
Received Import Request.
  Time since last request: 6056.177981 seconds.
  path: Assets/Scripts/Modules
  artifactKey: Guid(e85d62528693e1d468995f044e0dee97) Importer(815301076,1909f56bfc062723c751e8b465ee728b)
Start importing Assets/Scripts/Modules using Guid(e85d62528693e1d468995f044e0dee97) Importer(815301076,1909f56bfc062723c751e8b465ee728b)  -> (artifact id: '3c74a9f534e0004aad28aa96b24377a7') in 0.015434 seconds
  Import took 0.042030 seconds .

========================================================================
Received Import Request.
  Time since last request: 1.154968 seconds.
  path: Assets/Scripts/Ship Components
  artifactKey: Guid(de710540bfc1c2249bf94579f8e6d222) Importer(815301076,1909f56bfc062723c751e8b465ee728b)
Start importing Assets/Scripts/Ship Components using Guid(de710540bfc1c2249bf94579f8e6d222) Importer(815301076,1909f56bfc062723c751e8b465ee728b)  -> (artifact id: 'ccbe6c987ee7cf6c9d0148242de409ac') in 0.015276 seconds
  Import took 0.032067 seconds .

========================================================================
Received Import Request.
  Time since last request: 1.968597 seconds.
  path: Assets/Scripts/Ship Components/Ship.cs
  artifactKey: Guid(df9501a936c16cb4c9d4e4e8a3f8e978) Importer(815301076,1909f56bfc062723c751e8b465ee728b)
Start importing Assets/Scripts/Ship Components/Ship.cs using Guid(df9501a936c16cb4c9d4e4e8a3f8e978) Importer(815301076,1909f56bfc062723c751e8b465ee728b)  -> (artifact id: '2ae3dc8c867c93f50d08c06d0e8be082') in 0.029050 seconds
  Import took 0.054954 seconds .

========================================================================
Received Import Request.
  Time since last request: 0.267520 seconds.
  path: Assets/Scripts/Ship Components/ShipCoMProxy.cs
  artifactKey: Guid(04f072d153c251a4db351fc4df476605) Importer(815301076,1909f56bfc062723c751e8b465ee728b)
Start importing Assets/Scripts/Ship Components/ShipCoMProxy.cs using Guid(04f072d153c251a4db351fc4df476605) Importer(815301076,1909f56bfc062723c751e8b465ee728b)  -> (artifact id: 'e5393e2152455f79b0f697bb114bbd5b') in 0.008646 seconds
  Import took 0.022306 seconds .

========================================================================
Received Import Request.
  Time since last request: 0.273776 seconds.
  path: Assets/Scripts/Ship Components/ShipListLoader.cs
  artifactKey: Guid(178f2a493f3b7264d9464c018da5708f) Importer(815301076,1909f56bfc062723c751e8b465ee728b)
Start importing Assets/Scripts/Ship Components/ShipListLoader.cs using Guid(178f2a493f3b7264d9464c018da5708f) Importer(815301076,1909f56bfc062723c751e8b465ee728b)  -> (artifact id: '4b2212d89dcc87c39e5a852fae53d97e') in 0.010975 seconds
  Import took 0.015815 seconds .

========================================================================
Received Import Request.
  Time since last request: 0.001618 seconds.
  path: Assets/Scripts/Ship Components/ShipListLoader.cs
  artifactKey: Guid(178f2a493f3b7264d9464c018da5708f) Importer(815301076,1909f56bfc062723c751e8b465ee728b)
Start importing Assets/Scripts/Ship Components/ShipListLoader.cs using Guid(178f2a493f3b7264d9464c018da5708f) Importer(815301076,1909f56bfc062723c751e8b465ee728b)  -> (artifact id: '4b2212d89dcc87c39e5a852fae53d97e') in 0.001983 seconds
  Import took 0.006891 seconds .

========================================================================
Received Import Request.
  Time since last request: 0.330316 seconds.
  path: Assets/Scripts/Ship Components/ShipController.cs
  artifactKey: Guid(cd1f119e380ac88419aefdfe6f00b0b2) Importer(815301076,1909f56bfc062723c751e8b465ee728b)
Start importing Assets/Scripts/Ship Components/ShipController.cs using Guid(cd1f119e380ac88419aefdfe6f00b0b2) Importer(815301076,1909f56bfc062723c751e8b465ee728b)  -> (artifact id: 'e2773df4daa900ef770f3c85690acb30') in 0.001630 seconds
  Import took 0.006790 seconds .

========================================================================
Received Import Request.
  Time since last request: 0.001551 seconds.
  path: Assets/Scripts/Ship Components/ShipController.cs
  artifactKey: Guid(cd1f119e380ac88419aefdfe6f00b0b2) Importer(815301076,1909f56bfc062723c751e8b465ee728b)
Start importing Assets/Scripts/Ship Components/ShipController.cs using Guid(cd1f119e380ac88419aefdfe6f00b0b2) Importer(815301076,1909f56bfc062723c751e8b465ee728b)  -> (artifact id: 'e2773df4daa900ef770f3c85690acb30') in 0.001519 seconds
  Import took 0.005691 seconds .

========================================================================
Received Import Request.
  Time since last request: 0.686433 seconds.
  path: Assets/Scripts/Ship Components/ShipSlotUI.cs
  artifactKey: Guid(ec4a7bb8d3f353e41bc3441f05f63357) Importer(815301076,1909f56bfc062723c751e8b465ee728b)
Start importing Assets/Scripts/Ship Components/ShipSlotUI.cs using Guid(ec4a7bb8d3f353e41bc3441f05f63357) Importer(815301076,1909f56bfc062723c751e8b465ee728b)  -> (artifact id: 'fdab6a92c4d2ec99a4faecc9d511843a') in 0.010018 seconds
  Import took 0.030255 seconds .

========================================================================
Received Import Request.
  Time since last request: 0.479396 seconds.
  path: Assets/Scripts/Ship Components/ShipUI.cs
  artifactKey: Guid(544f3d229b40bd94c98d73e4cba7a4cb) Importer(815301076,1909f56bfc062723c751e8b465ee728b)
Start importing Assets/Scripts/Ship Components/ShipUI.cs using Guid(544f3d229b40bd94c98d73e4cba7a4cb) Importer(815301076,1909f56bfc062723c751e8b465ee728b)  -> (artifact id: '1881c1fe4782ee2e6410d996fd72f6a0') in 0.010131 seconds
  Import took 0.026703 seconds .

========================================================================
Received Import Request.
  Time since last request: 0.434555 seconds.
  path: Assets/Scripts/Ship Components/SingleShipLoader.cs
  artifactKey: Guid(e674a2a4af8766148b46ac44c134db85) Importer(815301076,1909f56bfc062723c751e8b465ee728b)
Start importing Assets/Scripts/Ship Components/SingleShipLoader.cs using Guid(e674a2a4af8766148b46ac44c134db85) Importer(815301076,1909f56bfc062723c751e8b465ee728b)  -> (artifact id: '0791baf44de033fd5eb2a793548c24bd') in 0.013492 seconds
  Import took 0.018251 seconds .

========================================================================
Received Import Request.
  Time since last request: 0.000385 seconds.
  path: Assets/Scripts/Ship Components/SingleShipLoader.cs
  artifactKey: Guid(e674a2a4af8766148b46ac44c134db85) Importer(815301076,1909f56bfc062723c751e8b465ee728b)
Start importing Assets/Scripts/Ship Components/SingleShipLoader.cs using Guid(e674a2a4af8766148b46ac44c134db85) Importer(815301076,1909f56bfc062723c751e8b465ee728b)  -> (artifact id: '0791baf44de033fd5eb2a793548c24bd') in 0.001536 seconds
  Import took 0.005972 seconds .

========================================================================
Received Import Request.
  Time since last request: 1.259067 seconds.
  path: Assets/Scripts/Touchscreen
  artifactKey: Guid(bde3b17e1d62c1f4c8fcb74b7df5a2af) Importer(815301076,1909f56bfc062723c751e8b465ee728b)
Start importing Assets/Scripts/Touchscreen using Guid(bde3b17e1d62c1f4c8fcb74b7df5a2af) Importer(815301076,1909f56bfc062723c751e8b465ee728b)  -> (artifact id: 'c5399ffd4c309db0a39077bbdaf9dc61') in 0.014067 seconds
  Import took 0.019285 seconds .

========================================================================
Received Import Request.
  Time since last request: 1.216022 seconds.
  path: Assets/Scripts/Voxels
  artifactKey: Guid(ab92d18764fea2648b22f80e7fb0059c) Importer(815301076,1909f56bfc062723c751e8b465ee728b)
Start importing Assets/Scripts/Voxels using Guid(ab92d18764fea2648b22f80e7fb0059c) Importer(815301076,1909f56bfc062723c751e8b465ee728b)  -> (artifact id: '81132e0cf9a6acc0c96adb7c38928d66') in 0.022779 seconds
  Import took 0.040902 seconds .

========================================================================
Received Import Request.
  Time since last request: 1.129388 seconds.
  path: Assets/Scripts/Voxels/ChunkSettings.cs
  artifactKey: Guid(2cdabea4fef9cf840a3821036b6f577e) Importer(815301076,1909f56bfc062723c751e8b465ee728b)
Start importing Assets/Scripts/Voxels/ChunkSettings.cs using Guid(2cdabea4fef9cf840a3821036b6f577e) Importer(815301076,1909f56bfc062723c751e8b465ee728b)  -> (artifact id: '0ca7a44fb35c57b8b969bcc3d0a0f52f') in 0.008166 seconds
  Import took 0.024619 seconds .

========================================================================
Received Import Request.
  Time since last request: 1.203198 seconds.
  path: Assets/Scripts/Voxels/VoxelWorldComponent.cs
  artifactKey: Guid(696c749e1a07d07468902c9b7b910206) Importer(815301076,1909f56bfc062723c751e8b465ee728b)
Start importing Assets/Scripts/Voxels/VoxelWorldComponent.cs using Guid(696c749e1a07d07468902c9b7b910206) Importer(815301076,1909f56bfc062723c751e8b465ee728b)  -> (artifact id: 'f56d24e2dcd47d2325007b9ad11d11f6') in 0.013143 seconds
  Import took 0.017781 seconds .

========================================================================
Received Import Request.
  Time since last request: 0.410589 seconds.
  path: Assets/Scripts/Voxels/VoxelWorldBuilder.cs
  artifactKey: Guid(cb3c86832dd566949903f7299b64045f) Importer(815301076,1909f56bfc062723c751e8b465ee728b)
Start importing Assets/Scripts/Voxels/VoxelWorldBuilder.cs using Guid(cb3c86832dd566949903f7299b64045f) Importer(815301076,1909f56bfc062723c751e8b465ee728b)  -> (artifact id: 'e48a2f915575d30262fbd8e60def0d41') in 0.010820 seconds
  Import took 0.026008 seconds .

========================================================================
Received Import Request.
  Time since last request: 0.327591 seconds.
  path: Assets/Scripts/Voxels/VoxelWorld.cs
  artifactKey: Guid(6fcc0061fe830434d8461254d23eee88) Importer(815301076,1909f56bfc062723c751e8b465ee728b)
Start importing Assets/Scripts/Voxels/VoxelWorld.cs using Guid(6fcc0061fe830434d8461254d23eee88) Importer(815301076,1909f56bfc062723c751e8b465ee728b)  -> (artifact id: '0186db7349202151b0d0819509836ec5') in 0.015397 seconds
  Import took 0.030565 seconds .

========================================================================
Received Import Request.
  Time since last request: 0.814518 seconds.
  path: Assets/Scripts/Voxels/VoxelVertex.cs
  artifactKey: Guid(0f691dc75a97e5d45a257dc2f65a27d8) Importer(815301076,1909f56bfc062723c751e8b465ee728b)
Start importing Assets/Scripts/Voxels/VoxelVertex.cs using Guid(0f691dc75a97e5d45a257dc2f65a27d8) Importer(815301076,1909f56bfc062723c751e8b465ee728b)  -> (artifact id: 'fb3ef05170e46f82b5c1d142892d1d06') in 0.001760 seconds
  Import took 0.019953 seconds .

========================================================================
Received Import Request.
  Time since last request: 0.279646 seconds.
  path: Assets/Scripts/Voxels/VoxelLineBuilder.cs
  artifactKey: Guid(1fff680f22d77134b8665a18b795a956) Importer(815301076,1909f56bfc062723c751e8b465ee728b)
Start importing Assets/Scripts/Voxels/VoxelLineBuilder.cs using Guid(1fff680f22d77134b8665a18b795a956) Importer(815301076,1909f56bfc062723c751e8b465ee728b)  -> (artifact id: 'f463eae9393304409c420029031cf9a2') in 0.001749 seconds
  Import took 0.012252 seconds .

========================================================================
Received Import Request.
  Time since last request: 0.000452 seconds.
  path: Assets/Scripts/Voxels/VoxelLineBuilder.cs
  artifactKey: Guid(1fff680f22d77134b8665a18b795a956) Importer(815301076,1909f56bfc062723c751e8b465ee728b)
Start importing Assets/Scripts/Voxels/VoxelLineBuilder.cs using Guid(1fff680f22d77134b8665a18b795a956) Importer(815301076,1909f56bfc062723c751e8b465ee728b)  -> (artifact id: 'f463eae9393304409c420029031cf9a2') in 0.001506 seconds
  Import took 0.005563 seconds .

========================================================================
Received Import Request.
  Time since last request: 0.284690 seconds.
  path: Assets/Scripts/Voxels/VoxelMeshDebug.cs
  artifactKey: Guid(a19403c8c859d964ea95ef5125429ee9) Importer(815301076,1909f56bfc062723c751e8b465ee728b)
Start importing Assets/Scripts/Voxels/VoxelMeshDebug.cs using Guid(a19403c8c859d964ea95ef5125429ee9) Importer(815301076,1909f56bfc062723c751e8b465ee728b)  -> (artifact id: '391b700844906d4be6f70f29d9bc8014') in 0.013044 seconds
  Import took 0.028278 seconds .

========================================================================
Received Import Request.
  Time since last request: 0.901837 seconds.
  path: Assets/Scripts/Voxels/VoxelEditorShipLoader.cs
  artifactKey: Guid(766ea95eae2375744ac2dc259199d72c) Importer(815301076,1909f56bfc062723c751e8b465ee728b)
Start importing Assets/Scripts/Voxels/VoxelEditorShipLoader.cs using Guid(766ea95eae2375744ac2dc259199d72c) Importer(815301076,1909f56bfc062723c751e8b465ee728b)  -> (artifact id: '27bb1a55dbc058ffda17a85b122bc944') in 0.001826 seconds
  Import took 0.006423 seconds .

========================================================================
Received Import Request.
  Time since last request: 0.001387 seconds.
  path: Assets/Scripts/Voxels/VoxelEditorShipLoader.cs
  artifactKey: Guid(766ea95eae2375744ac2dc259199d72c) Importer(815301076,1909f56bfc062723c751e8b465ee728b)
Start importing Assets/Scripts/Voxels/VoxelEditorShipLoader.cs using Guid(766ea95eae2375744ac2dc259199d72c) Importer(815301076,1909f56bfc062723c751e8b465ee728b)  -> (artifact id: '27bb1a55dbc058ffda17a85b122bc944') in 0.001510 seconds
  Import took 0.005974 seconds .

========================================================================
Received Import Request.
  Time since last request: 0.528083 seconds.
  path: Assets/Scripts/Voxels/VoxelDestruction.cs
  artifactKey: Guid(ed5e77f3aba343c4cb43b96ec93d3f00) Importer(815301076,1909f56bfc062723c751e8b465ee728b)
Start importing Assets/Scripts/Voxels/VoxelDestruction.cs using Guid(ed5e77f3aba343c4cb43b96ec93d3f00) Importer(815301076,1909f56bfc062723c751e8b465ee728b)  -> (artifact id: '922ceeaa27eae292580e7dfd21745354') in 0.018431 seconds
  Import took 0.023298 seconds .

========================================================================
Received Import Request.
  Time since last request: 243.670554 seconds.
  path: Assets/Scripts/Voxels/VoxelCollider.cs
  artifactKey: Guid(404a6d2db9829a94ba052a70d5a62209) Importer(815301076,1909f56bfc062723c751e8b465ee728b)
Start importing Assets/Scripts/Voxels/VoxelCollider.cs using Guid(404a6d2db9829a94ba052a70d5a62209) Importer(815301076,1909f56bfc062723c751e8b465ee728b)  -> (artifact id: '99458b7d77d0f5e873d050e6d15b09ac') in 0.001658 seconds
  Import took 0.018754 seconds .

========================================================================
Received Import Request.
  Time since last request: 0.000513 seconds.
  path: Assets/Scripts/Voxels/VoxelCollider.cs
  artifactKey: Guid(404a6d2db9829a94ba052a70d5a62209) Importer(815301076,1909f56bfc062723c751e8b465ee728b)
Start importing Assets/Scripts/Voxels/VoxelCollider.cs using Guid(404a6d2db9829a94ba052a70d5a62209) Importer(815301076,1909f56bfc062723c751e8b465ee728b)  -> (artifact id: '99458b7d77d0f5e873d050e6d15b09ac') in 0.001474 seconds
  Import took 0.005422 seconds .

========================================================================
Received Import Request.
  Time since last request: 468.695250 seconds.
  path: Assets/Scripts/Voxels/Voxel Editor
  artifactKey: Guid(7ae25f6367460aa488c7e8a49bc50ca1) Importer(815301076,1909f56bfc062723c751e8b465ee728b)
Start importing Assets/Scripts/Voxels/Voxel Editor using Guid(7ae25f6367460aa488c7e8a49bc50ca1) Importer(815301076,1909f56bfc062723c751e8b465ee728b)  -> (artifact id: '278b2ae45caeb685e521515869fef3f3') in 0.001860 seconds
  Import took 0.024721 seconds .

========================================================================
Received Import Request.
  Time since last request: 0.913759 seconds.
  path: Assets/Scripts/Voxels/Voxel Editor/PlayerConstraints.cs
  artifactKey: Guid(40c15c176cf90d645b203414dd48738d) Importer(815301076,1909f56bfc062723c751e8b465ee728b)
Start importing Assets/Scripts/Voxels/Voxel Editor/PlayerConstraints.cs using Guid(40c15c176cf90d645b203414dd48738d) Importer(815301076,1909f56bfc062723c751e8b465ee728b)  -> (artifact id: '95d7fb51e9fc51b7819489d31b1691ea') in 0.015014 seconds
  Import took 0.032662 seconds .

========================================================================
Received Import Request.
  Time since last request: 0.009315 seconds.
  path: Assets/Scripts/Voxels/Voxel Editor/PlayerConstraints.cs
  artifactKey: Guid(40c15c176cf90d645b203414dd48738d) Importer(815301076,1909f56bfc062723c751e8b465ee728b)
Start importing Assets/Scripts/Voxels/Voxel Editor/PlayerConstraints.cs using Guid(40c15c176cf90d645b203414dd48738d) Importer(815301076,1909f56bfc062723c751e8b465ee728b)  -> (artifact id: '95d7fb51e9fc51b7819489d31b1691ea') in 0.001543 seconds
  Import took 0.006090 seconds .

========================================================================
Received Import Request.
  Time since last request: 0.254021 seconds.
  path: Assets/Scripts/Voxels/Voxel Editor/PlayerController.cs
  artifactKey: Guid(07781e2c582cceb42a87ae0495181fb4) Importer(815301076,1909f56bfc062723c751e8b465ee728b)
Start importing Assets/Scripts/Voxels/Voxel Editor/PlayerController.cs using Guid(07781e2c582cceb42a87ae0495181fb4) Importer(815301076,1909f56bfc062723c751e8b465ee728b)  -> (artifact id: 'fb2e994e6f0e60870a9f6c6f1f38de06') in 0.007334 seconds
  Import took 0.011866 seconds .

========================================================================
Received Import Request.
  Time since last request: 0.000383 seconds.
  path: Assets/Scripts/Voxels/Voxel Editor/PlayerController.cs
  artifactKey: Guid(07781e2c582cceb42a87ae0495181fb4) Importer(815301076,1909f56bfc062723c751e8b465ee728b)
Start importing Assets/Scripts/Voxels/Voxel Editor/PlayerController.cs using Guid(07781e2c582cceb42a87ae0495181fb4) Importer(815301076,1909f56bfc062723c751e8b465ee728b)  -> (artifact id: 'fb2e994e6f0e60870a9f6c6f1f38de06') in 0.001511 seconds
  Import took 0.005590 seconds .

========================================================================
Received Import Request.
  Time since last request: 0.578413 seconds.
  path: Assets/Scripts/Voxels/Voxel Editor/SplashMessage.cs
  artifactKey: Guid(11db3297671269b4498c8c46c1e2daab) Importer(815301076,1909f56bfc062723c751e8b465ee728b)
Start importing Assets/Scripts/Voxels/Voxel Editor/SplashMessage.cs using Guid(11db3297671269b4498c8c46c1e2daab) Importer(815301076,1909f56bfc062723c751e8b465ee728b)  -> (artifact id: '523967640b0837c3ff6e60aa0012f628') in 0.002190 seconds
  Import took 0.032684 seconds .

========================================================================
Received Import Request.
  Time since last request: 0.648665 seconds.
  path: Assets/Scripts/Voxels/Voxel Editor/VoxelEditorEvents.cs
  artifactKey: Guid(8815a83d8ff222d449833d46aa746458) Importer(815301076,1909f56bfc062723c751e8b465ee728b)
Start importing Assets/Scripts/Voxels/Voxel Editor/VoxelEditorEvents.cs using Guid(8815a83d8ff222d449833d46aa746458) Importer(815301076,1909f56bfc062723c751e8b465ee728b)  -> (artifact id: 'f8298c32ae8807ee69acd112dd596e82') in 0.011473 seconds
  Import took 0.030157 seconds .

========================================================================
Received Import Request.
  Time since last request: 0.684469 seconds.
  path: Assets/Scripts/Voxels/Voxel Editor/VoxelEditorExtensions.cs
  artifactKey: Guid(687f1fb01f27768468aff50af873cf66) Importer(815301076,1909f56bfc062723c751e8b465ee728b)
Start importing Assets/Scripts/Voxels/Voxel Editor/VoxelEditorExtensions.cs using Guid(687f1fb01f27768468aff50af873cf66) Importer(815301076,1909f56bfc062723c751e8b465ee728b)  -> (artifact id: '6da759d0dfff626b39f93a76f310d01c') in 0.018076 seconds
  Import took 0.036968 seconds .

========================================================================
Received Import Request.
  Time since last request: 2.989348 seconds.
  path: Assets/Scripts/GameDataLoader.cs
  artifactKey: Guid(1ff2d1932925544468175249498c4be9) Importer(815301076,1909f56bfc062723c751e8b465ee728b)
Start importing Assets/Scripts/GameDataLoader.cs using Guid(1ff2d1932925544468175249498c4be9) Importer(815301076,1909f56bfc062723c751e8b465ee728b)  -> (artifact id: '91b99cbc837cc6194d2caad8d1c72229') in 0.022653 seconds
  Import took 0.027318 seconds .

========================================================================
Received Import Request.
  Time since last request: 0.256275 seconds.
  path: Assets/Scripts/GameDataManager.cs
  artifactKey: Guid(07806a95c6c948a41b1ee3aad8d8eaea) Importer(815301076,1909f56bfc062723c751e8b465ee728b)
Start importing Assets/Scripts/GameDataManager.cs using Guid(07806a95c6c948a41b1ee3aad8d8eaea) Importer(815301076,1909f56bfc062723c751e8b465ee728b)  -> (artifact id: '3dcbc0c4bb58e5a65e08e856385017f7') in 0.028161 seconds
  Import took 0.043747 seconds .

========================================================================
Received Import Request.
  Time since last request: 0.217750 seconds.
  path: Assets/Scripts/GameSettings.cs
  artifactKey: Guid(a5cc4f92dfd74294fa53ed1d22c40e1b) Importer(815301076,1909f56bfc062723c751e8b465ee728b)
Start importing Assets/Scripts/GameSettings.cs using Guid(a5cc4f92dfd74294fa53ed1d22c40e1b) Importer(815301076,1909f56bfc062723c751e8b465ee728b)  -> (artifact id: '1c972ca6f0350b2e47e9dd1b564be5f6') in 0.015897 seconds
  Import took 0.035367 seconds .

========================================================================
Received Import Request.
  Time since last request: 0.261120 seconds.
  path: Assets/Scripts/IGameData.cs
  artifactKey: Guid(5f753f10d9cb6834989d06f3b150142a) Importer(815301076,1909f56bfc062723c751e8b465ee728b)
Start importing Assets/Scripts/IGameData.cs using Guid(5f753f10d9cb6834989d06f3b150142a) Importer(815301076,1909f56bfc062723c751e8b465ee728b)  -> (artifact id: '9cea6df0ea316e9b2a9c2e568daca6ba') in 0.014980 seconds
  Import took 0.028816 seconds .

========================================================================
Received Import Request.
  Time since last request: 0.717717 seconds.
  path: Assets/Scripts/MainMenuUI.cs
  artifactKey: Guid(57698f29b5cc70544aa962fdcc841ac2) Importer(815301076,1909f56bfc062723c751e8b465ee728b)
Start importing Assets/Scripts/MainMenuUI.cs using Guid(57698f29b5cc70544aa962fdcc841ac2) Importer(815301076,1909f56bfc062723c751e8b465ee728b)  -> (artifact id: 'ecbd745951299f17c7f8d01356fc672d') in 0.009294 seconds
  Import took 0.022832 seconds .

========================================================================
Received Import Request.
  Time since last request: 0.309881 seconds.
  path: Assets/Scripts/Projectile.cs
  artifactKey: Guid(80f7ddf2e927f0244a2c621921cbe3b2) Importer(815301076,1909f56bfc062723c751e8b465ee728b)
Start importing Assets/Scripts/Projectile.cs using Guid(80f7ddf2e927f0244a2c621921cbe3b2) Importer(815301076,1909f56bfc062723c751e8b465ee728b)  -> (artifact id: '79bf21459e71bc3ad5c9f5bc73491e13') in 0.009677 seconds
  Import took 0.025397 seconds .

========================================================================
Received Import Request.
  Time since last request: 0.341264 seconds.
  path: Assets/Scripts/SimpleSingleSpawner.cs
  artifactKey: Guid(a7532d9cd4fa9c94b99e005a0468419d) Importer(815301076,1909f56bfc062723c751e8b465ee728b)
Start importing Assets/Scripts/SimpleSingleSpawner.cs using Guid(a7532d9cd4fa9c94b99e005a0468419d) Importer(815301076,1909f56bfc062723c751e8b465ee728b)  -> (artifact id: 'ec511de902e6d42b5ddae1683967fb4a') in 0.001648 seconds
  Import took 0.010655 seconds .

========================================================================
Received Import Request.
  Time since last request: 0.001606 seconds.
  path: Assets/Scripts/SimpleSingleSpawner.cs
  artifactKey: Guid(a7532d9cd4fa9c94b99e005a0468419d) Importer(815301076,1909f56bfc062723c751e8b465ee728b)
Start importing Assets/Scripts/SimpleSingleSpawner.cs using Guid(a7532d9cd4fa9c94b99e005a0468419d) Importer(815301076,1909f56bfc062723c751e8b465ee728b)  -> (artifact id: 'ec511de902e6d42b5ddae1683967fb4a') in 0.001523 seconds
  Import took 0.005991 seconds .

========================================================================
Received Prepare
Registering precompiled user dll's ...
Registered in 0.002451 seconds.
Begin MonoManager ReloadAssembly
Native extension for WindowsStandalone target not found
Refreshing native plugins compatible for Editor in 0.50 ms, found 0 plugins.
Preloading 0 native plugins for Editor in 0.00 ms.
Invoked RoslynAnalysisRunner static constructor.
RoslynAnalysisRunner will not be running.
RoslynAnalysisRunner has terminated.
Mono: successfully reloaded assembly
- Completed reload, in  1.211 seconds
Platform modules already initialized, skipping
Switching build target platform(5) subTarget(0) extendedPlatform(0) -> platform(13) subTarget(537460741) extendedPlatform(0)
Shader 'Universal Render Pipeline/Particles/Lit': fallback shader 'Universal Render Pipeline/Particles/SimpleLit' not found
Refreshing native plugins compatible for Editor in 0.51 ms, found 0 plugins.
Preloading 0 native plugins for Editor in 0.00 ms.
Unloading 3085 Unused Serialized files (Serialized files now loaded: 0)
System memory in use before: 139.2 MB.
System memory in use after: 139.5 MB.

Unloading 12 unused Assets to reduce memory usage. Loaded Objects now: 3719.
Total: 3.142900 ms (FindLiveObjects: 0.356100 ms CreateObjectMapping: 0.084200 ms MarkObjects: 2.676500 ms  DeleteObjects: 0.025000 ms)

AssetImportParameters requested are different than current active one (requested -> active):
  custom:graphics/normal-map-encoding: 01000000000000000000000000000000 -> 02000000000000000000000000000000
========================================================================
Received Import Request.
  Time since last request: 1290.693561 seconds.
  path: Assets/Materials/Reactive Trail.mat
  artifactKey: Guid(9364fd2242990534a86c40b0addf0bc3) Importer(815301076,1909f56bfc062723c751e8b465ee728b)
Start importing Assets/Materials/Reactive Trail.mat using Guid(9364fd2242990534a86c40b0addf0bc3) Importer(815301076,1909f56bfc062723c751e8b465ee728b)  -> (artifact id: 'e0f9c0119e7f4f29405408659da3cb0e') in 0.257335 seconds
  Import took 0.273406 seconds .

========================================================================
Received Import Request.
  Time since last request: 7.089647 seconds.
  path: Assets/Resources/Prefabs/Explosion.prefab
  artifactKey: Guid(a749c734d72ab744685906cc1adb4d3a) Importer(815301076,1909f56bfc062723c751e8b465ee728b)
Start importing Assets/Resources/Prefabs/Explosion.prefab using Guid(a749c734d72ab744685906cc1adb4d3a) Importer(815301076,1909f56bfc062723c751e8b465ee728b)  -> (artifact id: '6df3383c503fe71055ddddbd6208539f') in 0.030045 seconds
  Import took 0.037971 seconds .

========================================================================
Received Import Request.
  Time since last request: 1.904679 seconds.
  path: Assets/Resources/Prefabs/Explosion.prefab
  artifactKey: Guid(a749c734d72ab744685906cc1adb4d3a) Importer(815301076,1909f56bfc062723c751e8b465ee728b)
Start importing Assets/Resources/Prefabs/Explosion.prefab using Guid(a749c734d72ab744685906cc1adb4d3a) Importer(815301076,1909f56bfc062723c751e8b465ee728b)  -> (artifact id: 'bb941f19aa91c22eb8b1aa1d56209ae2') in 0.007053 seconds
  Import took 0.012431 seconds .

========================================================================
Received Import Request.
  Time since last request: 191.802927 seconds.
  path: Assets/Scripts/Modules/Creation
  artifactKey: Guid(d158fb045b85f5e438d99942bfc7439c) Importer(815301076,1909f56bfc062723c751e8b465ee728b)
Start importing Assets/Scripts/Modules/Creation using Guid(d158fb045b85f5e438d99942bfc7439c) Importer(815301076,1909f56bfc062723c751e8b465ee728b)  -> (artifact id: '5564c3309d3f8f47abeeffd765ac4c8d') in 0.001655 seconds
  Import took 0.013743 seconds .

AssetImportWorkerClient::OnTransportError - code=2 error=End of file
